<?xml version="1.0" encoding="UTF-8"?>
<!-- Generated by org.testng.reporters.JUnitXMLReporter -->
<testsuite ignored="0" hostname="LAPTOP-4JI9QV3F" failures="0" tests="3" name="Default test" time="386.036" errors="0" timestamp="2024-12-22T14:37:05 IST">
  <testcase classname="automation.ECommerceAutomation" name="loginTest" time="20.618"/>
  <testcase classname="automation.ECommerceAutomation" name="productSearchAndAddToCartTest" time="27.325"/>
  <testcase classname="automation.ECommerceAutomation" name="findBrokenLinks" time="332.376"/>
</testsuite> <!-- Default test -->
