<?xml version="1.0" encoding="UTF-8"?>
<testng-results ignored="0" total="3" passed="3" failed="0" skipped="0">
  <reporter-output>
  </reporter-output>
  <suite started-at="2024-12-22T14:30:39 IST" name="Default suite" finished-at="2024-12-22T14:37:05 IST" duration-ms="386036">
    <groups>
    </groups>
    <test started-at="2024-12-22T14:30:39 IST" name="Default test" finished-at="2024-12-22T14:37:05 IST" duration-ms="386036">
      <class name="automation.ECommerceAutomation">
        <test-method is-config="true" signature="setup()[pri:0, instance:automation.ECommerceAutomation@294a6b8e]" started-at="2024-12-22T14:30:39 IST" name="setup" finished-at="2024-12-22T14:30:44 IST" duration-ms="4945" status="PASS">
          <reporter-output>
          </reporter-output>
        </test-method> <!-- setup -->
        <test-method signature="loginTest()[pri:1, instance:automation.ECommerceAutomation@294a6b8e]" started-at="2024-12-22T14:30:44 IST" name="loginTest" finished-at="2024-12-22T14:31:04 IST" duration-ms="20618" status="PASS">
          <reporter-output>
          </reporter-output>
        </test-method> <!-- loginTest -->
        <test-method signature="productSearchAndAddToCartTest()[pri:2, instance:automation.ECommerceAutomation@294a6b8e]" started-at="2024-12-22T14:31:05 IST" name="productSearchAndAddToCartTest" finished-at="2024-12-22T14:31:32 IST" duration-ms="27325" status="PASS">
          <reporter-output>
          </reporter-output>
        </test-method> <!-- productSearchAndAddToCartTest -->
        <test-method signature="findBrokenLinks()[pri:3, instance:automation.ECommerceAutomation@294a6b8e]" started-at="2024-12-22T14:31:32 IST" name="findBrokenLinks" finished-at="2024-12-22T14:37:04 IST" duration-ms="332376" status="PASS">
          <reporter-output>
          </reporter-output>
        </test-method> <!-- findBrokenLinks -->
        <test-method is-config="true" signature="teardown()[pri:0, instance:automation.ECommerceAutomation@294a6b8e]" started-at="2024-12-22T14:37:04 IST" name="teardown" finished-at="2024-12-22T14:37:05 IST" duration-ms="350" status="PASS">
          <reporter-output>
          </reporter-output>
        </test-method> <!-- teardown -->
      </class> <!-- automation.ECommerceAutomation -->
    </test> <!-- Default test -->
  </suite> <!-- Default suite -->
</testng-results>
